Started GET "/" for 127.0.0.1 at 2023-01-09 13:01:41 +0530
Processing by Rails::WelcomeController#index as HTML
  Rendering C:/Ruby32-x64/lib/ruby/gems/3.2.0/gems/railties-7.0.4/lib/rails/templates/rails/welcome/index.html.erb
  Rendered C:/Ruby32-x64/lib/ruby/gems/3.2.0/gems/railties-7.0.4/lib/rails/templates/rails/welcome/index.html.erb (Duration: 4.6ms | Allocations: 664)
Completed 200 OK in 58ms (Views: 19.1ms | ActiveRecord: 0.0ms | Allocations: 5712)


Started GET "/" for 127.0.0.1 at 2023-01-09 13:09:08 +0530
Processing by ApplicationController#index as HTML
  Rendering html template
  Rendered html template (Duration: 0.1ms | Allocations: 13)
Completed 200 OK in 8ms (Views: 6.0ms | Allocations: 722)


Started GET "/" for 127.0.0.1 at 2023-01-09 13:12:24 +0530
Processing by ApplicationController#index as HTML
  Rendering html template
  Rendered html template (Duration: 0.0ms | Allocations: 16)
Completed 200 OK in 15ms (Views: 6.9ms | ActiveRecord: 0.0ms | Allocations: 2252)


Started GET "/" for 127.0.0.1 at 2023-01-09 13:12:27 +0530
Processing by ApplicationController#index as HTML
  Rendering html template
  Rendered html template (Duration: 0.0ms | Allocations: 6)
Completed 200 OK in 3ms (Views: 0.9ms | ActiveRecord: 0.0ms | Allocations: 180)


Started GET "/" for 127.0.0.1 at 2023-01-09 13:12:29 +0530
Processing by ApplicationController#index as HTML
  Rendering html template
  Rendered html template (Duration: 0.0ms | Allocations: 6)
Completed 200 OK in 2ms (Views: 0.8ms | ActiveRecord: 0.0ms | Allocations: 180)


Started GET "/" for 127.0.0.1 at 2023-01-09 13:12:30 +0530
Processing by ApplicationController#index as HTML
  Rendering html template
  Rendered html template (Duration: 0.0ms | Allocations: 6)
Completed 200 OK in 2ms (Views: 0.6ms | ActiveRecord: 0.0ms | Allocations: 180)


Started GET "/" for 127.0.0.1 at 2023-01-09 13:13:07 +0530
Processing by ApplicationController#index as HTML
  Rendering html template
  Rendered html template (Duration: 0.0ms | Allocations: 6)
Completed 200 OK in 3ms (Views: 0.8ms | ActiveRecord: 0.0ms | Allocations: 180)


Started GET "/" for 127.0.0.1 at 2023-01-09 13:13:08 +0530
Processing by ApplicationController#index as HTML
  Rendering html template
  Rendered html template (Duration: 0.0ms | Allocations: 5)
Completed 200 OK in 3ms (Views: 0.9ms | ActiveRecord: 0.0ms | Allocations: 178)


Started GET "/" for 127.0.0.1 at 2023-01-09 13:24:11 +0530
Processing by ApplicationController#index as HTML
  Rendering html template
  Rendered html template (Duration: 0.0ms | Allocations: 5)
Completed 200 OK in 3ms (Views: 1.0ms | Allocations: 179)


Started GET "/" for 127.0.0.1 at 2023-01-09 13:24:54 +0530
Processing by ApplicationController#index as HTML
  Rendering html template
  Rendered html template (Duration: 0.0ms | Allocations: 16)
Completed 200 OK in 13ms (Views: 5.7ms | ActiveRecord: 0.0ms | Allocations: 2252)


Started GET "/" for 127.0.0.1 at 2023-01-09 13:24:56 +0530
Processing by ApplicationController#index as HTML
  Rendering html template
  Rendered html template (Duration: 0.0ms | Allocations: 6)
Completed 200 OK in 2ms (Views: 0.7ms | ActiveRecord: 0.0ms | Allocations: 180)


Started GET "/" for 127.0.0.1 at 2023-01-09 13:29:49 +0530
Processing by PagesController#index as HTML
Completed 406 Not Acceptable in 355ms (Allocations: 986)


  
ActionController::MissingExactTemplate (PagesController#index is missing a template for request formats: text/html):
  
actionpack (7.0.4) lib/action_controller/metal/implicit_render.rb:45:in `default_render'
actionpack (7.0.4) lib/action_controller/metal/basic_implicit_render.rb:6:in `block in send_action'
<internal:kernel>:90:in `tap'
actionpack (7.0.4) lib/action_controller/metal/basic_implicit_render.rb:6:in `send_action'
actionpack (7.0.4) lib/abstract_controller/base.rb:215:in `process_action'
actionpack (7.0.4) lib/action_controller/metal/rendering.rb:53:in `process_action'
actionpack (7.0.4) lib/abstract_controller/callbacks.rb:234:in `block in process_action'
activesupport (7.0.4) lib/active_support/callbacks.rb:118:in `block in run_callbacks'
actiontext (7.0.4) lib/action_text/rendering.rb:20:in `with_renderer'
actiontext (7.0.4) lib/action_text/engine.rb:69:in `block (4 levels) in <class:Engine>'
activesupport (7.0.4) lib/active_support/callbacks.rb:127:in `instance_exec'
activesupport (7.0.4) lib/active_support/callbacks.rb:127:in `block in run_callbacks'
activesupport (7.0.4) lib/active_support/callbacks.rb:138:in `run_callbacks'
actionpack (7.0.4) lib/abstract_controller/callbacks.rb:233:in `process_action'
actionpack (7.0.4) lib/action_controller/metal/rescue.rb:22:in `process_action'
actionpack (7.0.4) lib/action_controller/metal/instrumentation.rb:67:in `block in process_action'
activesupport (7.0.4) lib/active_support/notifications.rb:206:in `block in instrument'
activesupport (7.0.4) lib/active_support/notifications/instrumenter.rb:24:in `instrument'
activesupport (7.0.4) lib/active_support/notifications.rb:206:in `instrument'
actionpack (7.0.4) lib/action_controller/metal/instrumentation.rb:66:in `process_action'
actionpack (7.0.4) lib/action_controller/metal/params_wrapper.rb:259:in `process_action'
activerecord (7.0.4) lib/active_record/railties/controller_runtime.rb:27:in `process_action'
actionpack (7.0.4) lib/abstract_controller/base.rb:151:in `process'
actionview (7.0.4) lib/action_view/rendering.rb:39:in `process'
actionpack (7.0.4) lib/action_controller/metal.rb:188:in `dispatch'
actionpack (7.0.4) lib/action_controller/metal.rb:251:in `dispatch'
actionpack (7.0.4) lib/action_dispatch/routing/route_set.rb:49:in `dispatch'
actionpack (7.0.4) lib/action_dispatch/routing/route_set.rb:32:in `serve'
actionpack (7.0.4) lib/action_dispatch/journey/router.rb:50:in `block in serve'
actionpack (7.0.4) lib/action_dispatch/journey/router.rb:32:in `each'
actionpack (7.0.4) lib/action_dispatch/journey/router.rb:32:in `serve'
actionpack (7.0.4) lib/action_dispatch/routing/route_set.rb:852:in `call'
rack (2.2.5) lib/rack/tempfile_reaper.rb:15:in `call'
rack (2.2.5) lib/rack/etag.rb:27:in `call'
rack (2.2.5) lib/rack/conditional_get.rb:27:in `call'
rack (2.2.5) lib/rack/head.rb:12:in `call'
actionpack (7.0.4) lib/action_dispatch/http/permissions_policy.rb:38:in `call'
actionpack (7.0.4) lib/action_dispatch/http/content_security_policy.rb:36:in `call'
rack (2.2.5) lib/rack/session/abstract/id.rb:266:in `context'
rack (2.2.5) lib/rack/session/abstract/id.rb:260:in `call'
actionpack (7.0.4) lib/action_dispatch/middleware/cookies.rb:696:in `call'
activerecord (7.0.4) lib/active_record/migration.rb:603:in `call'
actionpack (7.0.4) lib/action_dispatch/middleware/callbacks.rb:27:in `block in call'
activesupport (7.0.4) lib/active_support/callbacks.rb:99:in `run_callbacks'
actionpack (7.0.4) lib/action_dispatch/middleware/callbacks.rb:26:in `call'
actionpack (7.0.4) lib/action_dispatch/middleware/executor.rb:14:in `call'
actionpack (7.0.4) lib/action_dispatch/middleware/actionable_exceptions.rb:17:in `call'
actionpack (7.0.4) lib/action_dispatch/middleware/debug_exceptions.rb:28:in `call'
web-console (4.2.0) lib/web_console/middleware.rb:132:in `call_app'
web-console (4.2.0) lib/web_console/middleware.rb:28:in `block in call'
web-console (4.2.0) lib/web_console/middleware.rb:17:in `catch'
web-console (4.2.0) lib/web_console/middleware.rb:17:in `call'
actionpack (7.0.4) lib/action_dispatch/middleware/show_exceptions.rb:26:in `call'
railties (7.0.4) lib/rails/rack/logger.rb:40:in `call_app'
railties (7.0.4) lib/rails/rack/logger.rb:25:in `block in call'
activesupport (7.0.4) lib/active_support/tagged_logging.rb:99:in `block in tagged'
activesupport (7.0.4) lib/active_support/tagged_logging.rb:37:in `tagged'
activesupport (7.0.4) lib/active_support/tagged_logging.rb:99:in `tagged'
railties (7.0.4) lib/rails/rack/logger.rb:25:in `call'
sprockets-rails (3.4.2) lib/sprockets/rails/quiet_assets.rb:13:in `call'
actionpack (7.0.4) lib/action_dispatch/middleware/remote_ip.rb:93:in `call'
actionpack (7.0.4) lib/action_dispatch/middleware/request_id.rb:26:in `call'
rack (2.2.5) lib/rack/method_override.rb:24:in `call'
rack (2.2.5) lib/rack/runtime.rb:22:in `call'
activesupport (7.0.4) lib/active_support/cache/strategy/local_cache_middleware.rb:29:in `call'
actionpack (7.0.4) lib/action_dispatch/middleware/server_timing.rb:61:in `block in call'
actionpack (7.0.4) lib/action_dispatch/middleware/server_timing.rb:26:in `collect_events'
actionpack (7.0.4) lib/action_dispatch/middleware/server_timing.rb:60:in `call'
actionpack (7.0.4) lib/action_dispatch/middleware/executor.rb:14:in `call'
actionpack (7.0.4) lib/action_dispatch/middleware/static.rb:23:in `call'
rack (2.2.5) lib/rack/sendfile.rb:110:in `call'
actionpack (7.0.4) lib/action_dispatch/middleware/host_authorization.rb:137:in `call'
railties (7.0.4) lib/rails/engine.rb:530:in `call'
puma (5.6.5) lib/puma/configuration.rb:252:in `call'
puma (5.6.5) lib/puma/request.rb:77:in `block in handle_request'
puma (5.6.5) lib/puma/thread_pool.rb:340:in `with_force_shutdown'
puma (5.6.5) lib/puma/request.rb:76:in `handle_request'
puma (5.6.5) lib/puma/server.rb:443:in `process_client'
puma (5.6.5) lib/puma/thread_pool.rb:147:in `block in spawn_thread'
Started GET "/" for 127.0.0.1 at 2023-01-09 13:31:56 +0530
Processing by PagesController#index as HTML
Completed 406 Not Acceptable in 2ms (Allocations: 534)


  
ActionController::MissingExactTemplate (PagesController#index is missing a template for request formats: text/html):
  
actionpack (7.0.4) lib/action_controller/metal/implicit_render.rb:45:in `default_render'
actionpack (7.0.4) lib/action_controller/metal/basic_implicit_render.rb:6:in `block in send_action'
<internal:kernel>:90:in `tap'
actionpack (7.0.4) lib/action_controller/metal/basic_implicit_render.rb:6:in `send_action'
actionpack (7.0.4) lib/abstract_controller/base.rb:215:in `process_action'
actionpack (7.0.4) lib/action_controller/metal/rendering.rb:53:in `process_action'
actionpack (7.0.4) lib/abstract_controller/callbacks.rb:234:in `block in process_action'
activesupport (7.0.4) lib/active_support/callbacks.rb:118:in `block in run_callbacks'
actiontext (7.0.4) lib/action_text/rendering.rb:20:in `with_renderer'
actiontext (7.0.4) lib/action_text/engine.rb:69:in `block (4 levels) in <class:Engine>'
activesupport (7.0.4) lib/active_support/callbacks.rb:127:in `instance_exec'
activesupport (7.0.4) lib/active_support/callbacks.rb:127:in `block in run_callbacks'
activesupport (7.0.4) lib/active_support/callbacks.rb:138:in `run_callbacks'
actionpack (7.0.4) lib/abstract_controller/callbacks.rb:233:in `process_action'
actionpack (7.0.4) lib/action_controller/metal/rescue.rb:22:in `process_action'
actionpack (7.0.4) lib/action_controller/metal/instrumentation.rb:67:in `block in process_action'
activesupport (7.0.4) lib/active_support/notifications.rb:206:in `block in instrument'
activesupport (7.0.4) lib/active_support/notifications/instrumenter.rb:24:in `instrument'
activesupport (7.0.4) lib/active_support/notifications.rb:206:in `instrument'
actionpack (7.0.4) lib/action_controller/metal/instrumentation.rb:66:in `process_action'
actionpack (7.0.4) lib/action_controller/metal/params_wrapper.rb:259:in `process_action'
activerecord (7.0.4) lib/active_record/railties/controller_runtime.rb:27:in `process_action'
actionpack (7.0.4) lib/abstract_controller/base.rb:151:in `process'
actionview (7.0.4) lib/action_view/rendering.rb:39:in `process'
actionpack (7.0.4) lib/action_controller/metal.rb:188:in `dispatch'
actionpack (7.0.4) lib/action_controller/metal.rb:251:in `dispatch'
actionpack (7.0.4) lib/action_dispatch/routing/route_set.rb:49:in `dispatch'
actionpack (7.0.4) lib/action_dispatch/routing/route_set.rb:32:in `serve'
actionpack (7.0.4) lib/action_dispatch/journey/router.rb:50:in `block in serve'
actionpack (7.0.4) lib/action_dispatch/journey/router.rb:32:in `each'
actionpack (7.0.4) lib/action_dispatch/journey/router.rb:32:in `serve'
actionpack (7.0.4) lib/action_dispatch/routing/route_set.rb:852:in `call'
rack (2.2.5) lib/rack/tempfile_reaper.rb:15:in `call'
rack (2.2.5) lib/rack/etag.rb:27:in `call'
rack (2.2.5) lib/rack/conditional_get.rb:27:in `call'
rack (2.2.5) lib/rack/head.rb:12:in `call'
actionpack (7.0.4) lib/action_dispatch/http/permissions_policy.rb:38:in `call'
actionpack (7.0.4) lib/action_dispatch/http/content_security_policy.rb:36:in `call'
rack (2.2.5) lib/rack/session/abstract/id.rb:266:in `context'
rack (2.2.5) lib/rack/session/abstract/id.rb:260:in `call'
actionpack (7.0.4) lib/action_dispatch/middleware/cookies.rb:696:in `call'
activerecord (7.0.4) lib/active_record/migration.rb:603:in `call'
actionpack (7.0.4) lib/action_dispatch/middleware/callbacks.rb:27:in `block in call'
activesupport (7.0.4) lib/active_support/callbacks.rb:99:in `run_callbacks'
actionpack (7.0.4) lib/action_dispatch/middleware/callbacks.rb:26:in `call'
actionpack (7.0.4) lib/action_dispatch/middleware/executor.rb:14:in `call'
actionpack (7.0.4) lib/action_dispatch/middleware/actionable_exceptions.rb:17:in `call'
actionpack (7.0.4) lib/action_dispatch/middleware/debug_exceptions.rb:28:in `call'
web-console (4.2.0) lib/web_console/middleware.rb:132:in `call_app'
web-console (4.2.0) lib/web_console/middleware.rb:28:in `block in call'
web-console (4.2.0) lib/web_console/middleware.rb:17:in `catch'
web-console (4.2.0) lib/web_console/middleware.rb:17:in `call'
actionpack (7.0.4) lib/action_dispatch/middleware/show_exceptions.rb:26:in `call'
railties (7.0.4) lib/rails/rack/logger.rb:40:in `call_app'
railties (7.0.4) lib/rails/rack/logger.rb:25:in `block in call'
activesupport (7.0.4) lib/active_support/tagged_logging.rb:99:in `block in tagged'
activesupport (7.0.4) lib/active_support/tagged_logging.rb:37:in `tagged'
activesupport (7.0.4) lib/active_support/tagged_logging.rb:99:in `tagged'
railties (7.0.4) lib/rails/rack/logger.rb:25:in `call'
sprockets-rails (3.4.2) lib/sprockets/rails/quiet_assets.rb:13:in `call'
actionpack (7.0.4) lib/action_dispatch/middleware/remote_ip.rb:93:in `call'
actionpack (7.0.4) lib/action_dispatch/middleware/request_id.rb:26:in `call'
rack (2.2.5) lib/rack/method_override.rb:24:in `call'
rack (2.2.5) lib/rack/runtime.rb:22:in `call'
activesupport (7.0.4) lib/active_support/cache/strategy/local_cache_middleware.rb:29:in `call'
actionpack (7.0.4) lib/action_dispatch/middleware/server_timing.rb:61:in `block in call'
actionpack (7.0.4) lib/action_dispatch/middleware/server_timing.rb:26:in `collect_events'
actionpack (7.0.4) lib/action_dispatch/middleware/server_timing.rb:60:in `call'
actionpack (7.0.4) lib/action_dispatch/middleware/executor.rb:14:in `call'
actionpack (7.0.4) lib/action_dispatch/middleware/static.rb:23:in `call'
rack (2.2.5) lib/rack/sendfile.rb:110:in `call'
actionpack (7.0.4) lib/action_dispatch/middleware/host_authorization.rb:137:in `call'
railties (7.0.4) lib/rails/engine.rb:530:in `call'
puma (5.6.5) lib/puma/configuration.rb:252:in `call'
puma (5.6.5) lib/puma/request.rb:77:in `block in handle_request'
puma (5.6.5) lib/puma/thread_pool.rb:340:in `with_force_shutdown'
puma (5.6.5) lib/puma/request.rb:76:in `handle_request'
puma (5.6.5) lib/puma/server.rb:443:in `process_client'
puma (5.6.5) lib/puma/thread_pool.rb:147:in `block in spawn_thread'
Started GET "/" for 127.0.0.1 at 2023-01-09 13:36:11 +0530
Processing by PagesController#index as HTML
  Rendering html template
  Rendered html template (Duration: 0.0ms | Allocations: 16)
Completed 200 OK in 13ms (Views: 5.6ms | ActiveRecord: 0.0ms | Allocations: 2257)


Started GET "/" for 127.0.0.1 at 2023-01-09 13:36:18 +0530
Processing by PagesController#index as HTML
  Rendering html template
  Rendered html template (Duration: 0.0ms | Allocations: 6)
Completed 200 OK in 3ms (Views: 1.0ms | ActiveRecord: 0.0ms | Allocations: 179)


Started GET "/" for 127.0.0.1 at 2023-01-09 13:36:19 +0530
Processing by PagesController#index as HTML
  Rendering html template
  Rendered html template (Duration: 0.0ms | Allocations: 6)
Completed 200 OK in 4ms (Views: 0.9ms | ActiveRecord: 0.0ms | Allocations: 179)


Started GET "/" for 127.0.0.1 at 2023-01-09 13:36:49 +0530
Processing by PagesController#hello as HTML
  Rendering layout layouts/application.html.erb
  Rendering pages/hello.html.erb within layouts/application
  Rendered pages/hello.html.erb within layouts/application (Duration: 2.0ms | Allocations: 306)
  Rendered layout layouts/application.html.erb (Duration: 233.0ms | Allocations: 83664)
Completed 500 Internal Server Error in 244ms (Allocations: 85158)


  
ActionView::Template::Error (Permission denied @ rb_file_s_rename - (D:/Divya/Rails/easy-blog/tmp/cache/assets/sprockets/v4.0.0/Jv/JvQbQKzAWYSUiaiBBidj0X2td7cm0T8oyDO5TbVSMw8.cache.28380.17520.31401, D:/Divya/Rails/easy-blog/tmp/cache/assets/sprockets/v4.0.0/Jv/JvQbQKzAWYSUiaiBBidj0X2td7cm0T8oyDO5TbVSMw8.cache)):
  
sprockets (4.2.0) lib/sprockets/path_utils.rb:362:in `rename'
sprockets (4.2.0) lib/sprockets/path_utils.rb:362:in `atomic_write'
sprockets (4.2.0) lib/sprockets/cache/file_store.rb:112:in `set'
sprockets (4.2.0) lib/sprockets/cache.rb:227:in `set'
sprockets (4.2.0) lib/sprockets/cache.rb:143:in `set'
sprockets (4.2.0) lib/sprockets/loader.rb:263:in `store_asset'
sprockets (4.2.0) lib/sprockets/loader.rb:226:in `load_from_unloaded'
sprockets (4.2.0) lib/sprockets/loader.rb:59:in `block in load'
sprockets (4.2.0) lib/sprockets/loader.rb:337:in `fetch_asset_from_dependency_cache'
sprockets (4.2.0) lib/sprockets/loader.rb:43:in `load'
sprockets (4.2.0) lib/sprockets/cached_environment.rb:44:in `block in load'
concurrent-ruby (1.1.10) lib/concurrent-ruby/concurrent/map.rb:203:in `block in fetch_or_store'
concurrent-ruby (1.1.10) lib/concurrent-ruby/concurrent/map.rb:182:in `fetch'
concurrent-ruby (1.1.10) lib/concurrent-ruby/concurrent/map.rb:202:in `fetch_or_store'
sprockets (4.2.0) lib/sprockets/cached_environment.rb:44:in `load'
sprockets (4.2.0) lib/sprockets/base.rb:81:in `find_asset'
sprockets (4.2.0) lib/sprockets/base.rb:88:in `find_all_linked_assets'
sprockets (4.2.0) lib/sprockets/manifest.rb:125:in `each'
sprockets (4.2.0) lib/sprockets/manifest.rb:125:in `to_a'
sprockets (4.2.0) lib/sprockets/manifest.rb:125:in `block (2 levels) in find'
concurrent-ruby (1.1.10) lib/concurrent-ruby/concurrent/executor/safe_task_executor.rb:24:in `block in execute'
concurrent-ruby (1.1.10) lib/concurrent-ruby/concurrent/synchronization/mutex_lockable_object.rb:47:in `block in synchronize'
concurrent-ruby (1.1.10) lib/concurrent-ruby/concurrent/synchronization/mutex_lockable_object.rb:47:in `synchronize'
concurrent-ruby (1.1.10) lib/concurrent-ruby/concurrent/synchronization/mutex_lockable_object.rb:47:in `synchronize'
concurrent-ruby (1.1.10) lib/concurrent-ruby/concurrent/executor/safe_task_executor.rb:22:in `execute'
concurrent-ruby (1.1.10) lib/concurrent-ruby/concurrent/promise.rb:564:in `block in realize'
concurrent-ruby (1.1.10) lib/concurrent-ruby/concurrent/executor/ruby_thread_pool_executor.rb:352:in `run_task'
concurrent-ruby (1.1.10) lib/concurrent-ruby/concurrent/executor/ruby_thread_pool_executor.rb:343:in `block (3 levels) in create_worker'
concurrent-ruby (1.1.10) lib/concurrent-ruby/concurrent/executor/ruby_thread_pool_executor.rb:334:in `loop'
concurrent-ruby (1.1.10) lib/concurrent-ruby/concurrent/executor/ruby_thread_pool_executor.rb:334:in `block (2 levels) in create_worker'
concurrent-ruby (1.1.10) lib/concurrent-ruby/concurrent/executor/ruby_thread_pool_executor.rb:333:in `catch'
concurrent-ruby (1.1.10) lib/concurrent-ruby/concurrent/executor/ruby_thread_pool_executor.rb:333:in `block in create_worker'
Started GET "/" for 127.0.0.1 at 2023-01-09 13:38:10 +0530
Processing by PagesController#index as HTML
  Rendering layout layouts/application.html.erb
  Rendering pages/index.html.erb within layouts/application
  Rendered pages/index.html.erb within layouts/application (Duration: 1.0ms | Allocations: 108)
  Rendered layout layouts/application.html.erb (Duration: 82.7ms | Allocations: 31844)
Completed 200 OK in 90ms (Views: 87.5ms | Allocations: 32646)


Started GET "/" for 127.0.0.1 at 2023-01-09 13:38:51 +0530
Processing by ApplicationController#index as HTML
  Rendering html template
  Rendered html template (Duration: 0.0ms | Allocations: 5)
Completed 200 OK in 3ms (Views: 1.5ms | Allocations: 406)


Started GET "/" for 127.0.0.1 at 2023-01-09 13:39:14 +0530
Processing by PagesController#index as HTML
  Rendering layout layouts/application.html.erb
  Rendering pages/index.html.erb within layouts/application
  Rendered pages/index.html.erb within layouts/application (Duration: 0.1ms | Allocations: 10)
  Rendered layout layouts/application.html.erb (Duration: 26.4ms | Allocations: 13491)
Completed 200 OK in 30ms (Views: 27.9ms | Allocations: 14011)


Started GET "/" for 127.0.0.1 at 2023-01-09 13:39:29 +0530
Processing by PagesController#index as HTML
  Rendering html template
  Rendered html template (Duration: 0.0ms | Allocations: 5)
Completed 200 OK in 3ms (Views: 1.4ms | Allocations: 409)


Started GET "/" for 127.0.0.1 at 2023-01-09 13:39:39 +0530
Processing by PagesController#index as HTML
  Rendering html template
  Rendered html template (Duration: 0.0ms | Allocations: 5)
Completed 200 OK in 2ms (Views: 0.9ms | Allocations: 177)


Started GET "/" for 127.0.0.1 at 2023-01-09 13:39:51 +0530
Processing by PagesController#index as HTML
  Rendering html template
  Rendered html template (Duration: 0.0ms | Allocations: 6)
Completed 200 OK in 3ms (Views: 1.1ms | Allocations: 410)


Started GET "/" for 127.0.0.1 at 2023-01-09 13:40:01 +0530
Processing by PagesController#index as HTML
  Rendering html template
  Rendered html template (Duration: 0.0ms | Allocations: 5)
Completed 200 OK in 3ms (Views: 1.2ms | Allocations: 409)


Started GET "/" for 127.0.0.1 at 2023-01-09 13:40:24 +0530
Processing by PagesController#index as HTML
  Rendering html template
  Rendered html template (Duration: 0.0ms | Allocations: 5)
Completed 200 OK in 3ms (Views: 1.3ms | Allocations: 431)


Started GET "/" for 127.0.0.1 at 2023-01-09 13:40:28 +0530
Processing by PagesController#index as HTML
  Rendering html template
  Rendered html template (Duration: 0.0ms | Allocations: 5)
Completed 200 OK in 2ms (Views: 0.8ms | Allocations: 177)


Started GET "/" for 127.0.0.1 at 2023-01-09 13:40:29 +0530
Processing by PagesController#index as HTML
  Rendering html template
  Rendered html template (Duration: 0.0ms | Allocations: 5)
Completed 200 OK in 2ms (Views: 0.5ms | Allocations: 177)


Started GET "/" for 127.0.0.1 at 2023-01-09 13:40:46 +0530
Processing by PagesController#index as HTML
  Rendering layout layouts/application.html.erb
  Rendering pages/index.html.erb within layouts/application
  Rendered pages/index.html.erb within layouts/application (Duration: 0.6ms | Allocations: 107)
  Rendered layout layouts/application.html.erb (Duration: 27.7ms | Allocations: 13766)
Completed 200 OK in 34ms (Views: 32.0ms | Allocations: 14563)


Started GET "/" for 127.0.0.1 at 2023-01-09 14:02:06 +0530
Processing by ApplicationController#index as HTML
  Rendering html template
  Rendered html template (Duration: 0.0ms | Allocations: 5)
Completed 200 OK in 3ms (Views: 1.2ms | Allocations: 427)


Started GET "/" for 127.0.0.1 at 2023-01-09 14:13:48 +0530
Processing by PagesController#home as HTML
  Rendering layout layouts/application.html.erb
  Rendering pages/home.html.erb within layouts/application
  Rendered pages/home.html.erb within layouts/application (Duration: 0.9ms | Allocations: 108)
  Rendered layout layouts/application.html.erb (Duration: 77.7ms | Allocations: 13761)
Completed 200 OK in 86ms (Views: 82.3ms | Allocations: 14557)


Started GET "/" for 127.0.0.1 at 2023-01-09 14:25:54 +0530
Processing by PagesController#home as HTML
  Rendering layout layouts/application.html.erb
  Rendering pages/home.html.erb within layouts/application
  Rendered pages/home.html.erb within layouts/application (Duration: 0.7ms | Allocations: 107)
  Rendered layout layouts/application.html.erb (Duration: 31.7ms | Allocations: 13757)
Completed 200 OK in 39ms (Views: 36.4ms | Allocations: 14552)


Started GET "/" for 127.0.0.1 at 2023-01-09 14:26:27 +0530
Processing by PagesController#home as HTML
  Rendering layout layouts/application.html.erb
  Rendering pages/home.html.erb within layouts/application
  Rendered pages/home.html.erb within layouts/application (Duration: 0.4ms | Allocations: 105)
  Rendered layout layouts/application.html.erb (Duration: 10.7ms | Allocations: 2733)
Completed 200 OK in 19ms (Views: 15.7ms | Allocations: 3446)


Started GET "/" for 127.0.0.1 at 2023-01-09 14:26:42 +0530
Processing by PagesController#home as HTML
  Rendering layout layouts/application.html.erb
  Rendering pages/home.html.erb within layouts/application
  Rendered pages/home.html.erb within layouts/application (Duration: 0.8ms | Allocations: 102)
  Rendered layout layouts/application.html.erb (Duration: 8.3ms | Allocations: 2698)
Completed 200 OK in 16ms (Views: 13.2ms | Allocations: 3413)


Started GET "/about" for 127.0.0.1 at 2023-01-09 14:26:59 +0530
Processing by PagesController#about as HTML
  Rendering layout layouts/application.html.erb
  Rendering pages/about.html.erb within layouts/application
  Rendered pages/about.html.erb within layouts/application (Duration: 0.8ms | Allocations: 100)
  Rendered layout layouts/application.html.erb (Duration: 10.1ms | Allocations: 2439)
Completed 200 OK in 14ms (Views: 11.1ms | Allocations: 2769)


Started GET "/about" for 127.0.0.1 at 2023-01-09 14:32:54 +0530
Processing by PagesController#about as HTML
  Rendering layout layouts/application.html.erb
  Rendering pages/about.html.erb within layouts/application
  Rendered pages/about.html.erb within layouts/application (Duration: 224.4ms | Allocations: 25006)
  Rendered layout layouts/application.html.erb (Duration: 230.9ms | Allocations: 27423)
Completed 200 OK in 238ms (Views: 235.6ms | Allocations: 28137)


Started GET "/" for 127.0.0.1 at 2023-01-09 14:37:46 +0530
  
Zeitwerk::NameError (expected file D:/Divya/Rails/easy-blog/app/controllers/sample_controller.rb to define constant SampleController, but didn't):
  
zeitwerk (2.6.6) lib/zeitwerk/loader/callbacks.rb:25:in `on_file_autoloaded'
zeitwerk (2.6.6) lib/zeitwerk/kernel.rb:31:in `require'
activesupport (7.0.4) lib/active_support/inflector/methods.rb:280:in `const_get'
activesupport (7.0.4) lib/active_support/inflector/methods.rb:280:in `constantize'
activesupport (7.0.4) lib/active_support/core_ext/string/inflections.rb:74:in `constantize'
actionpack (7.0.4) lib/action_dispatch/http/request.rb:90:in `controller_class_for'
actionpack (7.0.4) lib/action_dispatch/request/utils.rb:95:in `action_encoding_template'
actionpack (7.0.4) lib/action_dispatch/request/utils.rb:83:in `encode'
actionpack (7.0.4) lib/action_dispatch/request/utils.rb:45:in `set_binary_encoding'
actionpack (7.0.4) lib/action_dispatch/http/parameters.rb:68:in `path_parameters='
actionpack (7.0.4) lib/action_dispatch/journey/router.rb:48:in `block in serve'
actionpack (7.0.4) lib/action_dispatch/journey/router.rb:32:in `each'
actionpack (7.0.4) lib/action_dispatch/journey/router.rb:32:in `serve'
actionpack (7.0.4) lib/action_dispatch/routing/route_set.rb:852:in `call'
rack (2.2.5) lib/rack/tempfile_reaper.rb:15:in `call'
rack (2.2.5) lib/rack/etag.rb:27:in `call'
rack (2.2.5) lib/rack/conditional_get.rb:27:in `call'
rack (2.2.5) lib/rack/head.rb:12:in `call'
actionpack (7.0.4) lib/action_dispatch/http/permissions_policy.rb:38:in `call'
actionpack (7.0.4) lib/action_dispatch/http/content_security_policy.rb:36:in `call'
rack (2.2.5) lib/rack/session/abstract/id.rb:266:in `context'
rack (2.2.5) lib/rack/session/abstract/id.rb:260:in `call'
actionpack (7.0.4) lib/action_dispatch/middleware/cookies.rb:696:in `call'
activerecord (7.0.4) lib/active_record/migration.rb:603:in `call'
actionpack (7.0.4) lib/action_dispatch/middleware/callbacks.rb:27:in `block in call'
activesupport (7.0.4) lib/active_support/callbacks.rb:99:in `run_callbacks'
actionpack (7.0.4) lib/action_dispatch/middleware/callbacks.rb:26:in `call'
actionpack (7.0.4) lib/action_dispatch/middleware/executor.rb:14:in `call'
actionpack (7.0.4) lib/action_dispatch/middleware/actionable_exceptions.rb:17:in `call'
actionpack (7.0.4) lib/action_dispatch/middleware/debug_exceptions.rb:28:in `call'
web-console (4.2.0) lib/web_console/middleware.rb:132:in `call_app'
web-console (4.2.0) lib/web_console/middleware.rb:28:in `block in call'
web-console (4.2.0) lib/web_console/middleware.rb:17:in `catch'
web-console (4.2.0) lib/web_console/middleware.rb:17:in `call'
actionpack (7.0.4) lib/action_dispatch/middleware/show_exceptions.rb:26:in `call'
railties (7.0.4) lib/rails/rack/logger.rb:40:in `call_app'
railties (7.0.4) lib/rails/rack/logger.rb:25:in `block in call'
activesupport (7.0.4) lib/active_support/tagged_logging.rb:99:in `block in tagged'
activesupport (7.0.4) lib/active_support/tagged_logging.rb:37:in `tagged'
activesupport (7.0.4) lib/active_support/tagged_logging.rb:99:in `tagged'
railties (7.0.4) lib/rails/rack/logger.rb:25:in `call'
sprockets-rails (3.4.2) lib/sprockets/rails/quiet_assets.rb:13:in `call'
actionpack (7.0.4) lib/action_dispatch/middleware/remote_ip.rb:93:in `call'
actionpack (7.0.4) lib/action_dispatch/middleware/request_id.rb:26:in `call'
rack (2.2.5) lib/rack/method_override.rb:24:in `call'
rack (2.2.5) lib/rack/runtime.rb:22:in `call'
activesupport (7.0.4) lib/active_support/cache/strategy/local_cache_middleware.rb:29:in `call'
actionpack (7.0.4) lib/action_dispatch/middleware/server_timing.rb:61:in `block in call'
actionpack (7.0.4) lib/action_dispatch/middleware/server_timing.rb:26:in `collect_events'
actionpack (7.0.4) lib/action_dispatch/middleware/server_timing.rb:60:in `call'
actionpack (7.0.4) lib/action_dispatch/middleware/executor.rb:14:in `call'
actionpack (7.0.4) lib/action_dispatch/middleware/static.rb:23:in `call'
rack (2.2.5) lib/rack/sendfile.rb:110:in `call'
actionpack (7.0.4) lib/action_dispatch/middleware/host_authorization.rb:137:in `call'
railties (7.0.4) lib/rails/engine.rb:530:in `call'
puma (5.6.5) lib/puma/configuration.rb:252:in `call'
puma (5.6.5) lib/puma/request.rb:77:in `block in handle_request'
puma (5.6.5) lib/puma/thread_pool.rb:340:in `with_force_shutdown'
puma (5.6.5) lib/puma/request.rb:76:in `handle_request'
puma (5.6.5) lib/puma/server.rb:443:in `process_client'
puma (5.6.5) lib/puma/thread_pool.rb:147:in `block in spawn_thread'
Started GET "/" for 127.0.0.1 at 2023-01-09 14:38:25 +0530
  
ActionController::RoutingError (uninitialized constant SampleController):
  
Started GET "/" for 127.0.0.1 at 2023-01-09 14:38:30 +0530
  
ActionController::RoutingError (uninitialized constant SampleController):
  
Started GET "/" for 127.0.0.1 at 2023-01-09 14:38:31 +0530
  
ActionController::RoutingError (uninitialized constant SampleController):
  
Started GET "/" for 127.0.0.1 at 2023-01-09 14:41:04 +0530
  
ActionController::RoutingError (uninitialized constant SampleController):
  
Started GET "/" for 127.0.0.1 at 2023-01-09 14:43:33 +0530
Processing by SampleController#home as HTML
  Rendering layout layouts/application.html.erb
  Rendering sample/home.html.erb within layouts/application
  Rendered sample/home.html.erb within layouts/application (Duration: 1.9ms | Allocations: 311)
  Rendered layout layouts/application.html.erb (Duration: 194.0ms | Allocations: 35417)
Completed 200 OK in 226ms (Views: 205.8ms | ActiveRecord: 0.0ms | Allocations: 38631)


Started GET "/about" for 127.0.0.1 at 2023-01-09 14:43:42 +0530
  
ActionController::RoutingError (No route matches [GET] "/about"):
  
Started GET "/" for 127.0.0.1 at 2023-01-09 14:53:16 +0530
  [1m[35m (231.0ms)[0m  [1m[35mCREATE TABLE "schema_migrations" ("version" varchar NOT NULL PRIMARY KEY)[0m
  [1m[35m (83.1ms)[0m  [1m[35mCREATE TABLE "ar_internal_metadata" ("key" varchar NOT NULL PRIMARY KEY, "value" varchar, "created_at" datetime(6) NOT NULL, "updated_at" datetime(6) NOT NULL)[0m
  [1m[36mActiveRecord::SchemaMigration Pluck (0.2ms)[0m  [1m[34mSELECT "schema_migrations"."version" FROM "schema_migrations" ORDER BY "schema_migrations"."version" ASC[0m
  
ActiveRecord::PendingMigrationError (

Migrations are pending. To resolve this issue, run:

        bin/rails db:migrate RAILS_ENV=development

You have 1 pending migration:

20230109092146_create_articles.rb


):
  
activerecord (7.0.4) lib/active_record/migration.rb:627:in `check_pending!'
activerecord (7.0.4) lib/active_record/migration.rb:592:in `block (2 levels) in call'
activesupport (7.0.4) lib/active_support/file_update_checker.rb:83:in `execute'
activerecord (7.0.4) lib/active_record/migration.rb:597:in `block in call'
activerecord (7.0.4) lib/active_record/migration.rb:589:in `synchronize'
activerecord (7.0.4) lib/active_record/migration.rb:589:in `call'
actionpack (7.0.4) lib/action_dispatch/middleware/callbacks.rb:27:in `block in call'
activesupport (7.0.4) lib/active_support/callbacks.rb:99:in `run_callbacks'
actionpack (7.0.4) lib/action_dispatch/middleware/callbacks.rb:26:in `call'
actionpack (7.0.4) lib/action_dispatch/middleware/executor.rb:14:in `call'
actionpack (7.0.4) lib/action_dispatch/middleware/actionable_exceptions.rb:17:in `call'
actionpack (7.0.4) lib/action_dispatch/middleware/debug_exceptions.rb:28:in `call'
web-console (4.2.0) lib/web_console/middleware.rb:132:in `call_app'
web-console (4.2.0) lib/web_console/middleware.rb:28:in `block in call'
web-console (4.2.0) lib/web_console/middleware.rb:17:in `catch'
web-console (4.2.0) lib/web_console/middleware.rb:17:in `call'
actionpack (7.0.4) lib/action_dispatch/middleware/show_exceptions.rb:26:in `call'
railties (7.0.4) lib/rails/rack/logger.rb:40:in `call_app'
railties (7.0.4) lib/rails/rack/logger.rb:25:in `block in call'
activesupport (7.0.4) lib/active_support/tagged_logging.rb:99:in `block in tagged'
activesupport (7.0.4) lib/active_support/tagged_logging.rb:37:in `tagged'
activesupport (7.0.4) lib/active_support/tagged_logging.rb:99:in `tagged'
railties (7.0.4) lib/rails/rack/logger.rb:25:in `call'
sprockets-rails (3.4.2) lib/sprockets/rails/quiet_assets.rb:13:in `call'
actionpack (7.0.4) lib/action_dispatch/middleware/remote_ip.rb:93:in `call'
actionpack (7.0.4) lib/action_dispatch/middleware/request_id.rb:26:in `call'
rack (2.2.5) lib/rack/method_override.rb:24:in `call'
rack (2.2.5) lib/rack/runtime.rb:22:in `call'
activesupport (7.0.4) lib/active_support/cache/strategy/local_cache_middleware.rb:29:in `call'
actionpack (7.0.4) lib/action_dispatch/middleware/server_timing.rb:61:in `block in call'
actionpack (7.0.4) lib/action_dispatch/middleware/server_timing.rb:26:in `collect_events'
actionpack (7.0.4) lib/action_dispatch/middleware/server_timing.rb:60:in `call'
actionpack (7.0.4) lib/action_dispatch/middleware/executor.rb:14:in `call'
actionpack (7.0.4) lib/action_dispatch/middleware/static.rb:23:in `call'
rack (2.2.5) lib/rack/sendfile.rb:110:in `call'
actionpack (7.0.4) lib/action_dispatch/middleware/host_authorization.rb:137:in `call'
railties (7.0.4) lib/rails/engine.rb:530:in `call'
puma (5.6.5) lib/puma/configuration.rb:252:in `call'
puma (5.6.5) lib/puma/request.rb:77:in `block in handle_request'
puma (5.6.5) lib/puma/thread_pool.rb:340:in `with_force_shutdown'
puma (5.6.5) lib/puma/request.rb:76:in `handle_request'
puma (5.6.5) lib/puma/server.rb:443:in `process_client'
puma (5.6.5) lib/puma/thread_pool.rb:147:in `block in spawn_thread'
  [1m[36mActiveRecord::SchemaMigration Pluck (0.1ms)[0m  [1m[34mSELECT "schema_migrations"."version" FROM "schema_migrations" ORDER BY "schema_migrations"."version" ASC[0m
Migrating to CreateArticles (20230109092146)
  [1m[36mTRANSACTION (0.0ms)[0m  [1m[36mbegin transaction[0m
  [1m[35m (0.9ms)[0m  [1m[35mCREATE TABLE "articles" ("id" integer PRIMARY KEY AUTOINCREMENT NOT NULL, "title" varchar, "description" varchar, "created_at" datetime(6) NOT NULL, "updated_at" datetime(6) NOT NULL)[0m
  [1m[36mActiveRecord::SchemaMigration Create (0.7ms)[0m  [1m[32mINSERT INTO "schema_migrations" ("version") VALUES (?)[0m  [["version", "20230109092146"]]
  [1m[36mTRANSACTION (192.5ms)[0m  [1m[36mcommit transaction[0m
  [1m[36mActiveRecord::InternalMetadata Load (0.2ms)[0m  [1m[34mSELECT "ar_internal_metadata".* FROM "ar_internal_metadata" WHERE "ar_internal_metadata"."key" = ? LIMIT ?[0m  [["key", "environment"], ["LIMIT", 1]]
  [1m[36mTRANSACTION (0.0ms)[0m  [1m[36mbegin transaction[0m
  [1m[36mActiveRecord::InternalMetadata Create (1.5ms)[0m  [1m[32mINSERT INTO "ar_internal_metadata" ("key", "value", "created_at", "updated_at") VALUES (?, ?, ?, ?)[0m  [["key", "environment"], ["value", "development"], ["created_at", "2023-01-09 09:27:47.876538"], ["updated_at", "2023-01-09 09:27:47.876538"]]
  [1m[36mTRANSACTION (115.9ms)[0m  [1m[36mcommit transaction[0m
  [1m[36mActiveRecord::SchemaMigration Pluck (0.1ms)[0m  [1m[34mSELECT "schema_migrations"."version" FROM "schema_migrations" ORDER BY "schema_migrations"."version" ASC[0m
Started GET "/" for 127.0.0.1 at 2023-01-09 14:58:35 +0530
  [1m[36mActiveRecord::SchemaMigration Pluck (0.2ms)[0m  [1m[34mSELECT "schema_migrations"."version" FROM "schema_migrations" ORDER BY "schema_migrations"."version" ASC[0m
Processing by SampleController#home as HTML
  Rendering layout layouts/application.html.erb
  Rendering sample/home.html.erb within layouts/application
  Rendered sample/home.html.erb within layouts/application (Duration: 2.0ms | Allocations: 311)
  Rendered layout layouts/application.html.erb (Duration: 178.5ms | Allocations: 35871)
Completed 200 OK in 315ms (Views: 189.3ms | ActiveRecord: 0.0ms | Allocations: 39098)


Started GET "/article" for 127.0.0.1 at 2023-01-09 14:58:43 +0530
  
ActionController::RoutingError (No route matches [GET] "/article"):
  
Started GET "/articles" for 127.0.0.1 at 2023-01-09 14:58:50 +0530
Processing by ArticlesController#index as HTML
  Rendering layout layouts/application.html.erb
  Rendering articles/index.html.erb within layouts/application
  [1m[36mArticle Load (0.2ms)[0m  [1m[34mSELECT "articles".* FROM "articles"[0m
  ↳ app/views/articles/index.html.erb:6
  Rendered articles/index.html.erb within layouts/application (Duration: 2.5ms | Allocations: 1164)
  Rendered layout layouts/application.html.erb (Duration: 9.8ms | Allocations: 3530)
Completed 200 OK in 22ms (Views: 13.6ms | ActiveRecord: 0.2ms | Allocations: 4960)


Started GET "/articles/new" for 127.0.0.1 at 2023-01-09 14:58:58 +0530
Processing by ArticlesController#new as HTML
  Rendering layout layouts/application.html.erb
  Rendering articles/new.html.erb within layouts/application
  Rendered articles/_form.html.erb (Duration: 141.7ms | Allocations: 4668)
  Rendered articles/new.html.erb within layouts/application (Duration: 143.3ms | Allocations: 4951)
  Rendered layout layouts/application.html.erb (Duration: 150.2ms | Allocations: 7206)
Completed 200 OK in 250ms (Views: 151.5ms | ActiveRecord: 0.5ms | Allocations: 23791)


Started POST "/articles" for 127.0.0.1 at 2023-01-09 14:59:03 +0530
Processing by ArticlesController#create as TURBO_STREAM
  Parameters: {"authenticity_token"=>"[FILTERED]", "article"=>{"title"=>"dd", "description"=>"dd"}, "commit"=>"Create Article"}
  [1m[36mTRANSACTION (0.0ms)[0m  [1m[36mbegin transaction[0m
  ↳ app/controllers/articles_controller.rb:27:in `block in create'
  [1m[36mArticle Create (1.5ms)[0m  [1m[32mINSERT INTO "articles" ("title", "description", "created_at", "updated_at") VALUES (?, ?, ?, ?)[0m  [["title", "dd"], ["description", "dd"], ["created_at", "2023-01-09 09:29:03.224950"], ["updated_at", "2023-01-09 09:29:03.224950"]]
  ↳ app/controllers/articles_controller.rb:27:in `block in create'
  [1m[36mTRANSACTION (172.6ms)[0m  [1m[36mcommit transaction[0m
  ↳ app/controllers/articles_controller.rb:27:in `block in create'
Redirected to http://127.0.0.1:3001/articles/1
Completed 302 Found in 183ms (ActiveRecord: 174.2ms | Allocations: 3649)


Started GET "/articles/1" for 127.0.0.1 at 2023-01-09 14:59:03 +0530
Processing by ArticlesController#show as TURBO_STREAM
  Parameters: {"id"=>"1"}
  [1m[36mArticle Load (0.2ms)[0m  [1m[34mSELECT "articles".* FROM "articles" WHERE "articles"."id" = ? LIMIT ?[0m  [["id", 1], ["LIMIT", 1]]
  ↳ app/controllers/articles_controller.rb:63:in `set_article'
  Rendering layout layouts/application.html.erb
  Rendering articles/show.html.erb within layouts/application
  Rendered articles/_article.html.erb (Duration: 0.5ms | Allocations: 179)
  Rendered articles/show.html.erb within layouts/application (Duration: 8.6ms | Allocations: 1387)
  Rendered layout layouts/application.html.erb (Duration: 14.3ms | Allocations: 3632)
Completed 200 OK in 22ms (Views: 15.3ms | ActiveRecord: 0.2ms | Allocations: 6270)


Started GET "/articles" for 127.0.0.1 at 2023-01-09 14:59:07 +0530
Processing by ArticlesController#index as HTML
  Rendering layout layouts/application.html.erb
  Rendering articles/index.html.erb within layouts/application
  [1m[36mArticle Load (0.1ms)[0m  [1m[34mSELECT "articles".* FROM "articles"[0m
  ↳ app/views/articles/index.html.erb:6
  Rendered articles/_article.html.erb (Duration: 0.0ms | Allocations: 19)
  Rendered articles/index.html.erb within layouts/application (Duration: 2.0ms | Allocations: 881)
  Rendered layout layouts/application.html.erb (Duration: 10.1ms | Allocations: 3135)
Completed 200 OK in 13ms (Views: 11.0ms | ActiveRecord: 0.1ms | Allocations: 3427)


Started GET "/" for 127.0.0.1 at 2023-01-09 18:53:14 +0530
  [1m[36mActiveRecord::SchemaMigration Pluck (0.2ms)[0m  [1m[34mSELECT "schema_migrations"."version" FROM "schema_migrations" ORDER BY "schema_migrations"."version" ASC[0m
Processing by SampleController#home as HTML
  Rendering layout layouts/application.html.erb
  Rendering sample/home.html.erb within layouts/application
  Rendered sample/home.html.erb within layouts/application (Duration: 5.3ms | Allocations: 311)
  Rendered layout layouts/application.html.erb (Duration: 251.7ms | Allocations: 37171)
Completed 200 OK in 324ms (Views: 280.3ms | ActiveRecord: 0.0ms | Allocations: 40397)


